01-Dec-2025 13:47:47.330 INFO [main] org.apache.catalina.startup.VersionLoggerListener.log Server version name:   Apache Tomcat/11.0.14
01-Dec-2025 13:47:47.333 INFO [main] org.apache.catalina.startup.VersionLoggerListener.log Server built:          Nov 5 2025 19:03:02 UTC
01-Dec-2025 13:47:47.333 INFO [main] org.apache.catalina.startup.VersionLoggerListener.log Server version number: 11.0.14.0
01-Dec-2025 13:47:47.333 INFO [main] org.apache.catalina.startup.VersionLoggerListener.log OS Name:               Linux
01-Dec-2025 13:47:47.333 INFO [main] org.apache.catalina.startup.VersionLoggerListener.log OS Version:            6.1.0-40-amd64
01-Dec-2025 13:47:47.333 INFO [main] org.apache.catalina.startup.VersionLoggerListener.log Architecture:          amd64
01-Dec-2025 13:47:47.333 INFO [main] org.apache.catalina.startup.VersionLoggerListener.log Java Home:             /usr/lib/jvm/java-17-openjdk-amd64
01-Dec-2025 13:47:47.333 INFO [main] org.apache.catalina.startup.VersionLoggerListener.log JVM Version:           17.0.17+10-Debian-1deb12u1
01-Dec-2025 13:47:47.333 INFO [main] org.apache.catalina.startup.VersionLoggerListener.log JVM Vendor:            Debian
01-Dec-2025 13:47:47.333 INFO [main] org.apache.catalina.startup.VersionLoggerListener.log CATALINA_BASE:         /home/infoetu/hugo.straseele.etu/tomcat
01-Dec-2025 13:47:47.333 INFO [main] org.apache.catalina.startup.VersionLoggerListener.log CATALINA_HOME:         /home/infoetu/hugo.straseele.etu/tomcat
01-Dec-2025 13:47:47.338 INFO [main] org.apache.catalina.startup.VersionLoggerListener.log Command line argument: -Djava.util.logging.config.file=/home/infoetu/hugo.straseele.etu/tomcat/conf/logging.properties
01-Dec-2025 13:47:47.338 INFO [main] org.apache.catalina.startup.VersionLoggerListener.log Command line argument: -Djava.util.logging.manager=org.apache.juli.ClassLoaderLogManager
01-Dec-2025 13:47:47.338 INFO [main] org.apache.catalina.startup.VersionLoggerListener.log Command line argument: -Djdk.tls.ephemeralDHKeySize=2048
01-Dec-2025 13:47:47.338 INFO [main] org.apache.catalina.startup.VersionLoggerListener.log Command line argument: -Dorg.apache.catalina.security.SecurityListener.UMASK=0027
01-Dec-2025 13:47:47.338 INFO [main] org.apache.catalina.startup.VersionLoggerListener.log Command line argument: --add-opens=java.base/java.lang=ALL-UNNAMED
01-Dec-2025 13:47:47.338 INFO [main] org.apache.catalina.startup.VersionLoggerListener.log Command line argument: --add-opens=java.base/java.lang.reflect=ALL-UNNAMED
01-Dec-2025 13:47:47.338 INFO [main] org.apache.catalina.startup.VersionLoggerListener.log Command line argument: --add-opens=java.base/java.io=ALL-UNNAMED
01-Dec-2025 13:47:47.338 INFO [main] org.apache.catalina.startup.VersionLoggerListener.log Command line argument: --add-opens=java.base/java.util=ALL-UNNAMED
01-Dec-2025 13:47:47.338 INFO [main] org.apache.catalina.startup.VersionLoggerListener.log Command line argument: --add-opens=java.base/java.util.concurrent=ALL-UNNAMED
01-Dec-2025 13:47:47.338 INFO [main] org.apache.catalina.startup.VersionLoggerListener.log Command line argument: --add-opens=java.rmi/sun.rmi.transport=ALL-UNNAMED
01-Dec-2025 13:47:47.339 INFO [main] org.apache.catalina.startup.VersionLoggerListener.log Command line argument: --enable-native-access=ALL-UNNAMED
01-Dec-2025 13:47:47.339 INFO [main] org.apache.catalina.startup.VersionLoggerListener.log Command line argument: -Dcatalina.base=/home/infoetu/hugo.straseele.etu/tomcat
01-Dec-2025 13:47:47.339 INFO [main] org.apache.catalina.startup.VersionLoggerListener.log Command line argument: -Dcatalina.home=/home/infoetu/hugo.straseele.etu/tomcat
01-Dec-2025 13:47:47.339 INFO [main] org.apache.catalina.startup.VersionLoggerListener.log Command line argument: -Djava.io.tmpdir=/home/infoetu/hugo.straseele.etu/tomcat/temp
01-Dec-2025 13:47:47.340 INFO [main] org.apache.catalina.core.AprLifecycleListener.lifecycleEvent The Apache Tomcat Native library which allows using OpenSSL was not found on the java.library.path: [/usr/java/packages/lib:/usr/lib/x86_64-linux-gnu/jni:/lib/x86_64-linux-gnu:/usr/lib/x86_64-linux-gnu:/usr/lib/jni:/lib:/usr/lib]
01-Dec-2025 13:47:47.475 INFO [main] org.apache.coyote.AbstractProtocol.init Initializing ProtocolHandler ["http-nio-8080"]
01-Dec-2025 13:47:47.486 INFO [main] org.apache.catalina.startup.Catalina.load Server initialization in [286] milliseconds
01-Dec-2025 13:47:47.516 INFO [main] org.apache.catalina.core.StandardService.startInternal Starting service [Catalina]
01-Dec-2025 13:47:47.516 INFO [main] org.apache.catalina.core.StandardEngine.startInternal Starting Servlet engine: [Apache Tomcat/11.0.14]
01-Dec-2025 13:47:47.525 INFO [main] org.apache.catalina.startup.HostConfig.deployDirectory Deploying web application directory [/home/infoetu/hugo.straseele.etu/tomcat/webapps/ROOT]
01-Dec-2025 13:47:47.741 INFO [main] org.apache.catalina.startup.HostConfig.deployDirectory Deployment of web application directory [/home/infoetu/hugo.straseele.etu/tomcat/webapps/ROOT] has finished in [215] ms
01-Dec-2025 13:47:47.741 INFO [main] org.apache.catalina.startup.HostConfig.deployDirectory Deploying web application directory [/home/infoetu/hugo.straseele.etu/tomcat/webapps/docs]
01-Dec-2025 13:47:47.769 INFO [main] org.apache.catalina.startup.HostConfig.deployDirectory Deployment of web application directory [/home/infoetu/hugo.straseele.etu/tomcat/webapps/docs] has finished in [27] ms
01-Dec-2025 13:47:47.769 INFO [main] org.apache.catalina.startup.HostConfig.deployDirectory Deploying web application directory [/home/infoetu/hugo.straseele.etu/tomcat/webapps/manager]
01-Dec-2025 13:47:47.799 INFO [main] org.apache.catalina.startup.HostConfig.deployDirectory Deployment of web application directory [/home/infoetu/hugo.straseele.etu/tomcat/webapps/manager] has finished in [30] ms
01-Dec-2025 13:47:47.800 INFO [main] org.apache.catalina.startup.HostConfig.deployDirectory Deploying web application directory [/home/infoetu/hugo.straseele.etu/tomcat/webapps/host-manager]
01-Dec-2025 13:47:47.817 INFO [main] org.apache.catalina.startup.HostConfig.deployDirectory Deployment of web application directory [/home/infoetu/hugo.straseele.etu/tomcat/webapps/host-manager] has finished in [17] ms
01-Dec-2025 13:47:47.817 INFO [main] org.apache.catalina.startup.HostConfig.deployDirectory Deploying web application directory [/home/infoetu/hugo.straseele.etu/tomcat/webapps/examples]
01-Dec-2025 13:47:48.031 INFO [main] org.apache.catalina.startup.HostConfig.deployDirectory Deployment of web application directory [/home/infoetu/hugo.straseele.etu/tomcat/webapps/examples] has finished in [214] ms
01-Dec-2025 13:47:48.034 INFO [main] org.apache.coyote.AbstractProtocol.start Starting ProtocolHandler ["http-nio-8080"]
01-Dec-2025 13:47:48.041 INFO [main] org.apache.catalina.startup.Catalina.start Server startup in [554] milliseconds
