17-Dec-2025 15:19:33.035 INFO [main] org.apache.catalina.core.ApplicationContext.log ContextListener: contextInitialized()
17-Dec-2025 15:19:33.035 INFO [main] org.apache.catalina.core.ApplicationContext.log SessionListener: contextInitialized()
17-Dec-2025 15:19:33.036 INFO [main] org.apache.catalina.core.ApplicationContext.log ContextListener: attributeAdded('StockTicker', 'async.Stockticker@72465eb2')
17-Dec-2025 15:26:26.892 INFO [main] org.apache.catalina.core.ApplicationContext.log SessionListener: contextDestroyed()
17-Dec-2025 15:26:26.892 INFO [main] org.apache.catalina.core.ApplicationContext.log ContextListener: contextDestroyed()
17-Dec-2025 15:26:30.909 INFO [main] org.apache.catalina.core.ApplicationContext.log ContextListener: contextInitialized()
17-Dec-2025 15:26:30.909 INFO [main] org.apache.catalina.core.ApplicationContext.log SessionListener: contextInitialized()
17-Dec-2025 15:26:30.910 INFO [main] org.apache.catalina.core.ApplicationContext.log ContextListener: attributeAdded('StockTicker', 'async.Stockticker@1e226bcd')
17-Dec-2025 15:33:44.835 INFO [main] org.apache.catalina.core.ApplicationContext.log SessionListener: contextDestroyed()
17-Dec-2025 15:33:44.835 INFO [main] org.apache.catalina.core.ApplicationContext.log ContextListener: contextDestroyed()
17-Dec-2025 15:33:47.542 INFO [main] org.apache.catalina.core.ApplicationContext.log ContextListener: contextInitialized()
17-Dec-2025 15:33:47.542 INFO [main] org.apache.catalina.core.ApplicationContext.log SessionListener: contextInitialized()
17-Dec-2025 15:33:47.543 INFO [main] org.apache.catalina.core.ApplicationContext.log ContextListener: attributeAdded('StockTicker', 'async.Stockticker@72465eb2')
17-Dec-2025 15:38:38.047 INFO [main] org.apache.catalina.core.ApplicationContext.log SessionListener: contextDestroyed()
17-Dec-2025 15:38:38.047 INFO [main] org.apache.catalina.core.ApplicationContext.log ContextListener: contextDestroyed()
17-Dec-2025 15:38:40.389 INFO [main] org.apache.catalina.core.ApplicationContext.log ContextListener: contextInitialized()
17-Dec-2025 15:38:40.389 INFO [main] org.apache.catalina.core.ApplicationContext.log SessionListener: contextInitialized()
17-Dec-2025 15:38:40.390 INFO [main] org.apache.catalina.core.ApplicationContext.log ContextListener: attributeAdded('StockTicker', 'async.Stockticker@52a7928a')
17-Dec-2025 15:44:12.381 INFO [main] org.apache.catalina.core.ApplicationContext.log SessionListener: contextDestroyed()
17-Dec-2025 15:44:12.381 INFO [main] org.apache.catalina.core.ApplicationContext.log ContextListener: contextDestroyed()
17-Dec-2025 15:44:16.379 INFO [main] org.apache.catalina.core.ApplicationContext.log ContextListener: contextInitialized()
17-Dec-2025 15:44:16.379 INFO [main] org.apache.catalina.core.ApplicationContext.log SessionListener: contextInitialized()
17-Dec-2025 15:44:16.380 INFO [main] org.apache.catalina.core.ApplicationContext.log ContextListener: attributeAdded('StockTicker', 'async.Stockticker@52a7928a')
17-Dec-2025 15:46:39.160 INFO [main] org.apache.catalina.core.ApplicationContext.log SessionListener: contextDestroyed()
17-Dec-2025 15:46:39.160 INFO [main] org.apache.catalina.core.ApplicationContext.log ContextListener: contextDestroyed()
17-Dec-2025 15:46:42.106 INFO [main] org.apache.catalina.core.ApplicationContext.log ContextListener: contextInitialized()
17-Dec-2025 15:46:42.106 INFO [main] org.apache.catalina.core.ApplicationContext.log SessionListener: contextInitialized()
17-Dec-2025 15:46:42.107 INFO [main] org.apache.catalina.core.ApplicationContext.log ContextListener: attributeAdded('StockTicker', 'async.Stockticker@72465eb2')
17-Dec-2025 15:48:33.002 INFO [main] org.apache.catalina.core.ApplicationContext.log SessionListener: contextDestroyed()
17-Dec-2025 15:48:33.002 INFO [main] org.apache.catalina.core.ApplicationContext.log ContextListener: contextDestroyed()
17-Dec-2025 15:48:38.064 INFO [main] org.apache.catalina.core.ApplicationContext.log ContextListener: contextInitialized()
17-Dec-2025 15:48:38.064 INFO [main] org.apache.catalina.core.ApplicationContext.log SessionListener: contextInitialized()
17-Dec-2025 15:48:38.065 INFO [main] org.apache.catalina.core.ApplicationContext.log ContextListener: attributeAdded('StockTicker', 'async.Stockticker@615efd1c')
17-Dec-2025 16:00:54.859 INFO [main] org.apache.catalina.core.ApplicationContext.log SessionListener: contextDestroyed()
17-Dec-2025 16:00:54.859 INFO [main] org.apache.catalina.core.ApplicationContext.log ContextListener: contextDestroyed()
17-Dec-2025 16:00:57.694 INFO [main] org.apache.catalina.core.ApplicationContext.log ContextListener: contextInitialized()
17-Dec-2025 16:00:57.694 INFO [main] org.apache.catalina.core.ApplicationContext.log SessionListener: contextInitialized()
17-Dec-2025 16:00:57.696 INFO [main] org.apache.catalina.core.ApplicationContext.log ContextListener: attributeAdded('StockTicker', 'async.Stockticker@29d25e65')
17-Dec-2025 16:01:04.154 SEVERE [http-nio-8080-exec-2] org.apache.catalina.core.StandardWrapperValve.invoke Servlet.service() for servlet [Slb] in context with path [/ctp] threw exception
	java.lang.NumberFormatException: For input string: "ah"
		at java.base/java.lang.NumberFormatException.forInputString(NumberFormatException.java:67)
		at java.base/java.lang.Integer.parseInt(Integer.java:668)
		at java.base/java.lang.Integer.parseInt(Integer.java:786)
		at Slb.service(Slb.java:15)
		at jakarta.servlet.http.HttpServlet.service(HttpServlet.java:710)
		at org.apache.catalina.core.ApplicationFilterChain.doFilter(ApplicationFilterChain.java:128)
		at org.apache.tomcat.websocket.server.WsFilter.doFilter(WsFilter.java:53)
		at org.apache.catalina.core.ApplicationFilterChain.doFilter(ApplicationFilterChain.java:107)
		at org.apache.catalina.core.StandardWrapperValve.invoke(StandardWrapperValve.java:165)
		at org.apache.catalina.core.StandardContextValve.invoke(StandardContextValve.java:77)
		at org.apache.catalina.authenticator.AuthenticatorBase.invoke(AuthenticatorBase.java:482)
		at org.apache.catalina.core.StandardHostValve.invoke(StandardHostValve.java:113)
		at org.apache.catalina.valves.ErrorReportValve.invoke(ErrorReportValve.java:83)
		at org.apache.catalina.valves.AbstractAccessLogValve.invoke(AbstractAccessLogValve.java:654)
		at org.apache.catalina.core.StandardEngineValve.invoke(StandardEngineValve.java:72)
		at org.apache.catalina.connector.CoyoteAdapter.service(CoyoteAdapter.java:341)
		at org.apache.coyote.http11.Http11Processor.service(Http11Processor.java:397)
		at org.apache.coyote.AbstractProcessorLight.process(AbstractProcessorLight.java:63)
		at org.apache.coyote.AbstractProtocol$ConnectionHandler.process(AbstractProtocol.java:903)
		at org.apache.tomcat.util.net.NioEndpoint$SocketProcessor.doRun(NioEndpoint.java:1778)
		at org.apache.tomcat.util.net.SocketProcessorBase.run(SocketProcessorBase.java:52)
		at org.apache.tomcat.util.threads.ThreadPoolExecutor.runWorker(ThreadPoolExecutor.java:946)
		at org.apache.tomcat.util.threads.ThreadPoolExecutor$Worker.run(ThreadPoolExecutor.java:480)
		at org.apache.tomcat.util.threads.TaskThread$WrappingRunnable.run(TaskThread.java:57)
		at java.base/java.lang.Thread.run(Thread.java:840)
17-Dec-2025 16:04:16.501 INFO [main] org.apache.catalina.core.ApplicationContext.log SessionListener: contextDestroyed()
17-Dec-2025 16:04:16.501 INFO [main] org.apache.catalina.core.ApplicationContext.log ContextListener: contextDestroyed()
17-Dec-2025 16:04:18.921 INFO [main] org.apache.catalina.core.ApplicationContext.log ContextListener: contextInitialized()
17-Dec-2025 16:04:18.921 INFO [main] org.apache.catalina.core.ApplicationContext.log SessionListener: contextInitialized()
17-Dec-2025 16:04:18.922 INFO [main] org.apache.catalina.core.ApplicationContext.log ContextListener: attributeAdded('StockTicker', 'async.Stockticker@1a2ac487')
17-Dec-2025 16:04:21.688 SEVERE [http-nio-8080-exec-1] org.apache.catalina.core.StandardWrapperValve.invoke Servlet.service() for servlet [Slb] in context with path [/ctp] threw exception
	java.lang.IllegalStateException: Cannot call sendRedirect() after the response has been committed
		at org.apache.catalina.connector.ResponseFacade.checkCommitted(ResponseFacade.java:432)
		at org.apache.catalina.connector.ResponseFacade.sendRedirect(ResponseFacade.java:296)
		at jakarta.servlet.http.HttpServletResponse.sendRedirect(HttpServletResponse.java:130)
		at Slb.service(Slb.java:33)
		at jakarta.servlet.http.HttpServlet.service(HttpServlet.java:710)
		at org.apache.catalina.core.ApplicationFilterChain.doFilter(ApplicationFilterChain.java:128)
		at org.apache.tomcat.websocket.server.WsFilter.doFilter(WsFilter.java:53)
		at org.apache.catalina.core.ApplicationFilterChain.doFilter(ApplicationFilterChain.java:107)
		at org.apache.catalina.core.StandardWrapperValve.invoke(StandardWrapperValve.java:165)
		at org.apache.catalina.core.StandardContextValve.invoke(StandardContextValve.java:77)
		at org.apache.catalina.authenticator.AuthenticatorBase.invoke(AuthenticatorBase.java:482)
		at org.apache.catalina.core.StandardHostValve.invoke(StandardHostValve.java:113)
		at org.apache.catalina.valves.ErrorReportValve.invoke(ErrorReportValve.java:83)
		at org.apache.catalina.valves.AbstractAccessLogValve.invoke(AbstractAccessLogValve.java:654)
		at org.apache.catalina.core.StandardEngineValve.invoke(StandardEngineValve.java:72)
		at org.apache.catalina.connector.CoyoteAdapter.service(CoyoteAdapter.java:341)
		at org.apache.coyote.http11.Http11Processor.service(Http11Processor.java:397)
		at org.apache.coyote.AbstractProcessorLight.process(AbstractProcessorLight.java:63)
		at org.apache.coyote.AbstractProtocol$ConnectionHandler.process(AbstractProtocol.java:903)
		at org.apache.tomcat.util.net.NioEndpoint$SocketProcessor.doRun(NioEndpoint.java:1778)
		at org.apache.tomcat.util.net.SocketProcessorBase.run(SocketProcessorBase.java:52)
		at org.apache.tomcat.util.threads.ThreadPoolExecutor.runWorker(ThreadPoolExecutor.java:946)
		at org.apache.tomcat.util.threads.ThreadPoolExecutor$Worker.run(ThreadPoolExecutor.java:480)
		at org.apache.tomcat.util.threads.TaskThread$WrappingRunnable.run(TaskThread.java:57)
		at java.base/java.lang.Thread.run(Thread.java:840)
17-Dec-2025 16:06:18.255 INFO [main] org.apache.catalina.core.ApplicationContext.log SessionListener: contextDestroyed()
17-Dec-2025 16:06:18.255 INFO [main] org.apache.catalina.core.ApplicationContext.log ContextListener: contextDestroyed()
17-Dec-2025 16:06:20.696 INFO [main] org.apache.catalina.core.ApplicationContext.log ContextListener: contextInitialized()
17-Dec-2025 16:06:20.696 INFO [main] org.apache.catalina.core.ApplicationContext.log SessionListener: contextInitialized()
17-Dec-2025 16:06:20.698 INFO [main] org.apache.catalina.core.ApplicationContext.log ContextListener: attributeAdded('StockTicker', 'async.Stockticker@29d25e65')
17-Dec-2025 16:06:58.932 INFO [main] org.apache.catalina.core.ApplicationContext.log SessionListener: contextDestroyed()
17-Dec-2025 16:06:58.932 INFO [main] org.apache.catalina.core.ApplicationContext.log ContextListener: contextDestroyed()
17-Dec-2025 16:07:01.325 INFO [main] org.apache.catalina.core.ApplicationContext.log ContextListener: contextInitialized()
17-Dec-2025 16:07:01.326 INFO [main] org.apache.catalina.core.ApplicationContext.log SessionListener: contextInitialized()
17-Dec-2025 16:07:01.327 INFO [main] org.apache.catalina.core.ApplicationContext.log ContextListener: attributeAdded('StockTicker', 'async.Stockticker@72465eb2')
17-Dec-2025 16:08:47.986 INFO [main] org.apache.catalina.core.ApplicationContext.log SessionListener: contextDestroyed()
17-Dec-2025 16:08:47.986 INFO [main] org.apache.catalina.core.ApplicationContext.log ContextListener: contextDestroyed()
17-Dec-2025 16:08:50.194 INFO [main] org.apache.catalina.core.ApplicationContext.log ContextListener: contextInitialized()
17-Dec-2025 16:08:50.194 INFO [main] org.apache.catalina.core.ApplicationContext.log SessionListener: contextInitialized()
17-Dec-2025 16:08:50.195 INFO [main] org.apache.catalina.core.ApplicationContext.log ContextListener: attributeAdded('StockTicker', 'async.Stockticker@29d25e65')
17-Dec-2025 16:30:56.147 INFO [main] org.apache.catalina.core.ApplicationContext.log SessionListener: contextDestroyed()
17-Dec-2025 16:30:56.147 INFO [main] org.apache.catalina.core.ApplicationContext.log ContextListener: contextDestroyed()
17-Dec-2025 16:30:58.438 INFO [main] org.apache.catalina.core.ApplicationContext.log ContextListener: contextInitialized()
17-Dec-2025 16:30:58.438 INFO [main] org.apache.catalina.core.ApplicationContext.log SessionListener: contextInitialized()
17-Dec-2025 16:30:58.439 INFO [main] org.apache.catalina.core.ApplicationContext.log ContextListener: attributeAdded('StockTicker', 'async.Stockticker@72465eb2')
17-Dec-2025 16:44:41.925 INFO [main] org.apache.catalina.core.ApplicationContext.log SessionListener: contextDestroyed()
17-Dec-2025 16:44:41.925 INFO [main] org.apache.catalina.core.ApplicationContext.log ContextListener: contextDestroyed()
17-Dec-2025 16:44:44.430 INFO [main] org.apache.catalina.core.ApplicationContext.log ContextListener: contextInitialized()
17-Dec-2025 16:44:44.430 INFO [main] org.apache.catalina.core.ApplicationContext.log SessionListener: contextInitialized()
17-Dec-2025 16:44:44.431 INFO [main] org.apache.catalina.core.ApplicationContext.log ContextListener: attributeAdded('StockTicker', 'async.Stockticker@1e226bcd')
17-Dec-2025 16:45:16.610 INFO [main] org.apache.catalina.core.ApplicationContext.log SessionListener: contextDestroyed()
17-Dec-2025 16:45:16.610 INFO [main] org.apache.catalina.core.ApplicationContext.log ContextListener: contextDestroyed()
17-Dec-2025 16:45:18.692 INFO [main] org.apache.catalina.core.ApplicationContext.log ContextListener: contextInitialized()
17-Dec-2025 16:45:18.692 INFO [main] org.apache.catalina.core.ApplicationContext.log SessionListener: contextInitialized()
17-Dec-2025 16:45:18.693 INFO [main] org.apache.catalina.core.ApplicationContext.log ContextListener: attributeAdded('StockTicker', 'async.Stockticker@29d25e65')
17-Dec-2025 16:45:56.187 INFO [main] org.apache.catalina.core.ApplicationContext.log SessionListener: contextDestroyed()
17-Dec-2025 16:45:56.187 INFO [main] org.apache.catalina.core.ApplicationContext.log ContextListener: contextDestroyed()
17-Dec-2025 16:45:58.650 INFO [main] org.apache.catalina.core.ApplicationContext.log ContextListener: contextInitialized()
17-Dec-2025 16:45:58.650 INFO [main] org.apache.catalina.core.ApplicationContext.log SessionListener: contextInitialized()
17-Dec-2025 16:45:58.651 INFO [main] org.apache.catalina.core.ApplicationContext.log ContextListener: attributeAdded('StockTicker', 'async.Stockticker@72465eb2')
17-Dec-2025 16:46:53.116 INFO [main] org.apache.catalina.core.ApplicationContext.log SessionListener: contextDestroyed()
17-Dec-2025 16:46:53.116 INFO [main] org.apache.catalina.core.ApplicationContext.log ContextListener: contextDestroyed()
17-Dec-2025 16:46:55.365 INFO [main] org.apache.catalina.core.ApplicationContext.log ContextListener: contextInitialized()
17-Dec-2025 16:46:55.365 INFO [main] org.apache.catalina.core.ApplicationContext.log SessionListener: contextInitialized()
17-Dec-2025 16:46:55.366 INFO [main] org.apache.catalina.core.ApplicationContext.log ContextListener: attributeAdded('StockTicker', 'async.Stockticker@72465eb2')
17-Dec-2025 16:49:08.189 INFO [main] org.apache.catalina.core.ApplicationContext.log SessionListener: contextDestroyed()
17-Dec-2025 16:49:08.189 INFO [main] org.apache.catalina.core.ApplicationContext.log ContextListener: contextDestroyed()
17-Dec-2025 16:49:10.644 INFO [main] org.apache.catalina.core.ApplicationContext.log ContextListener: contextInitialized()
17-Dec-2025 16:49:10.644 INFO [main] org.apache.catalina.core.ApplicationContext.log SessionListener: contextInitialized()
17-Dec-2025 16:49:10.645 INFO [main] org.apache.catalina.core.ApplicationContext.log ContextListener: attributeAdded('StockTicker', 'async.Stockticker@1e226bcd')
17-Dec-2025 17:03:38.659 INFO [main] org.apache.catalina.core.ApplicationContext.log SessionListener: contextDestroyed()
17-Dec-2025 17:03:38.660 INFO [main] org.apache.catalina.core.ApplicationContext.log ContextListener: contextDestroyed()
17-Dec-2025 17:03:41.434 INFO [main] org.apache.catalina.core.ApplicationContext.log ContextListener: contextInitialized()
17-Dec-2025 17:03:41.434 INFO [main] org.apache.catalina.core.ApplicationContext.log SessionListener: contextInitialized()
17-Dec-2025 17:03:41.435 INFO [main] org.apache.catalina.core.ApplicationContext.log ContextListener: attributeAdded('StockTicker', 'async.Stockticker@563ccd31')
17-Dec-2025 17:04:57.036 INFO [main] org.apache.catalina.core.ApplicationContext.log SessionListener: contextDestroyed()
17-Dec-2025 17:04:57.036 INFO [main] org.apache.catalina.core.ApplicationContext.log ContextListener: contextDestroyed()
17-Dec-2025 17:04:59.436 INFO [main] org.apache.catalina.core.ApplicationContext.log ContextListener: contextInitialized()
17-Dec-2025 17:04:59.436 INFO [main] org.apache.catalina.core.ApplicationContext.log SessionListener: contextInitialized()
17-Dec-2025 17:04:59.437 INFO [main] org.apache.catalina.core.ApplicationContext.log ContextListener: attributeAdded('StockTicker', 'async.Stockticker@52a7928a')
17-Dec-2025 17:05:02.923 SEVERE [http-nio-8080-exec-1] org.apache.catalina.core.StandardWrapperValve.invoke Servlet.service() for servlet [S4] in context with path [/ctp] threw exception
	java.lang.NullPointerException: Cannot read the array length because "<local10>" is null
		at S4.service(S4.java:30)
		at jakarta.servlet.http.HttpServlet.service(HttpServlet.java:710)
		at org.apache.catalina.core.ApplicationFilterChain.doFilter(ApplicationFilterChain.java:128)
		at org.apache.tomcat.websocket.server.WsFilter.doFilter(WsFilter.java:53)
		at org.apache.catalina.core.ApplicationFilterChain.doFilter(ApplicationFilterChain.java:107)
		at org.apache.catalina.core.StandardWrapperValve.invoke(StandardWrapperValve.java:165)
		at org.apache.catalina.core.StandardContextValve.invoke(StandardContextValve.java:77)
		at org.apache.catalina.authenticator.AuthenticatorBase.invoke(AuthenticatorBase.java:482)
		at org.apache.catalina.core.StandardHostValve.invoke(StandardHostValve.java:113)
		at org.apache.catalina.valves.ErrorReportValve.invoke(ErrorReportValve.java:83)
		at org.apache.catalina.valves.AbstractAccessLogValve.invoke(AbstractAccessLogValve.java:654)
		at org.apache.catalina.core.StandardEngineValve.invoke(StandardEngineValve.java:72)
		at org.apache.catalina.connector.CoyoteAdapter.service(CoyoteAdapter.java:341)
		at org.apache.coyote.http11.Http11Processor.service(Http11Processor.java:397)
		at org.apache.coyote.AbstractProcessorLight.process(AbstractProcessorLight.java:63)
		at org.apache.coyote.AbstractProtocol$ConnectionHandler.process(AbstractProtocol.java:903)
		at org.apache.tomcat.util.net.NioEndpoint$SocketProcessor.doRun(NioEndpoint.java:1778)
		at org.apache.tomcat.util.net.SocketProcessorBase.run(SocketProcessorBase.java:52)
		at org.apache.tomcat.util.threads.ThreadPoolExecutor.runWorker(ThreadPoolExecutor.java:946)
		at org.apache.tomcat.util.threads.ThreadPoolExecutor$Worker.run(ThreadPoolExecutor.java:480)
		at org.apache.tomcat.util.threads.TaskThread$WrappingRunnable.run(TaskThread.java:57)
		at java.base/java.lang.Thread.run(Thread.java:840)
17-Dec-2025 17:06:06.199 INFO [main] org.apache.catalina.core.ApplicationContext.log SessionListener: contextDestroyed()
17-Dec-2025 17:06:06.199 INFO [main] org.apache.catalina.core.ApplicationContext.log ContextListener: contextDestroyed()
17-Dec-2025 17:06:08.655 INFO [main] org.apache.catalina.core.ApplicationContext.log ContextListener: contextInitialized()
17-Dec-2025 17:06:08.655 INFO [main] org.apache.catalina.core.ApplicationContext.log SessionListener: contextInitialized()
17-Dec-2025 17:06:08.656 INFO [main] org.apache.catalina.core.ApplicationContext.log ContextListener: attributeAdded('StockTicker', 'async.Stockticker@52a7928a')
17-Dec-2025 17:06:10.430 SEVERE [http-nio-8080-exec-1] org.apache.catalina.core.StandardWrapperValve.invoke Servlet.service() for servlet [S4] in context with path [/ctp] threw exception
	java.lang.NullPointerException: Cannot read the array length because "<local10>" is null
		at S4.service(S4.java:30)
		at jakarta.servlet.http.HttpServlet.service(HttpServlet.java:710)
		at org.apache.catalina.core.ApplicationFilterChain.doFilter(ApplicationFilterChain.java:128)
		at org.apache.tomcat.websocket.server.WsFilter.doFilter(WsFilter.java:53)
		at org.apache.catalina.core.ApplicationFilterChain.doFilter(ApplicationFilterChain.java:107)
		at org.apache.catalina.core.StandardWrapperValve.invoke(StandardWrapperValve.java:165)
		at org.apache.catalina.core.StandardContextValve.invoke(StandardContextValve.java:77)
		at org.apache.catalina.authenticator.AuthenticatorBase.invoke(AuthenticatorBase.java:482)
		at org.apache.catalina.core.StandardHostValve.invoke(StandardHostValve.java:113)
		at org.apache.catalina.valves.ErrorReportValve.invoke(ErrorReportValve.java:83)
		at org.apache.catalina.valves.AbstractAccessLogValve.invoke(AbstractAccessLogValve.java:654)
		at org.apache.catalina.core.StandardEngineValve.invoke(StandardEngineValve.java:72)
		at org.apache.catalina.connector.CoyoteAdapter.service(CoyoteAdapter.java:341)
		at org.apache.coyote.http11.Http11Processor.service(Http11Processor.java:397)
		at org.apache.coyote.AbstractProcessorLight.process(AbstractProcessorLight.java:63)
		at org.apache.coyote.AbstractProtocol$ConnectionHandler.process(AbstractProtocol.java:903)
		at org.apache.tomcat.util.net.NioEndpoint$SocketProcessor.doRun(NioEndpoint.java:1778)
		at org.apache.tomcat.util.net.SocketProcessorBase.run(SocketProcessorBase.java:52)
		at org.apache.tomcat.util.threads.ThreadPoolExecutor.runWorker(ThreadPoolExecutor.java:946)
		at org.apache.tomcat.util.threads.ThreadPoolExecutor$Worker.run(ThreadPoolExecutor.java:480)
		at org.apache.tomcat.util.threads.TaskThread$WrappingRunnable.run(TaskThread.java:57)
		at java.base/java.lang.Thread.run(Thread.java:840)
17-Dec-2025 17:06:11.302 SEVERE [http-nio-8080-exec-2] org.apache.catalina.core.StandardWrapperValve.invoke Servlet.service() for servlet [S4] in context with path [/ctp] threw exception
	java.lang.NullPointerException: Cannot read the array length because "<local10>" is null
		at S4.service(S4.java:30)
		at jakarta.servlet.http.HttpServlet.service(HttpServlet.java:710)
		at org.apache.catalina.core.ApplicationFilterChain.doFilter(ApplicationFilterChain.java:128)
		at org.apache.tomcat.websocket.server.WsFilter.doFilter(WsFilter.java:53)
		at org.apache.catalina.core.ApplicationFilterChain.doFilter(ApplicationFilterChain.java:107)
		at org.apache.catalina.core.StandardWrapperValve.invoke(StandardWrapperValve.java:165)
		at org.apache.catalina.core.StandardContextValve.invoke(StandardContextValve.java:77)
		at org.apache.catalina.authenticator.AuthenticatorBase.invoke(AuthenticatorBase.java:482)
		at org.apache.catalina.core.StandardHostValve.invoke(StandardHostValve.java:113)
		at org.apache.catalina.valves.ErrorReportValve.invoke(ErrorReportValve.java:83)
		at org.apache.catalina.valves.AbstractAccessLogValve.invoke(AbstractAccessLogValve.java:654)
		at org.apache.catalina.core.StandardEngineValve.invoke(StandardEngineValve.java:72)
		at org.apache.catalina.connector.CoyoteAdapter.service(CoyoteAdapter.java:341)
		at org.apache.coyote.http11.Http11Processor.service(Http11Processor.java:397)
		at org.apache.coyote.AbstractProcessorLight.process(AbstractProcessorLight.java:63)
		at org.apache.coyote.AbstractProtocol$ConnectionHandler.process(AbstractProtocol.java:903)
		at org.apache.tomcat.util.net.NioEndpoint$SocketProcessor.doRun(NioEndpoint.java:1778)
		at org.apache.tomcat.util.net.SocketProcessorBase.run(SocketProcessorBase.java:52)
		at org.apache.tomcat.util.threads.ThreadPoolExecutor.runWorker(ThreadPoolExecutor.java:946)
		at org.apache.tomcat.util.threads.ThreadPoolExecutor$Worker.run(ThreadPoolExecutor.java:480)
		at org.apache.tomcat.util.threads.TaskThread$WrappingRunnable.run(TaskThread.java:57)
		at java.base/java.lang.Thread.run(Thread.java:840)
17-Dec-2025 17:06:13.969 SEVERE [http-nio-8080-exec-3] org.apache.catalina.core.StandardWrapperValve.invoke Servlet.service() for servlet [Synthese] in context with path [/ctp] threw exception
	java.lang.NullPointerException: Cannot read the array length because "<local7>" is null
		at Synthese.service(Synthese.java:28)
		at jakarta.servlet.http.HttpServlet.service(HttpServlet.java:710)
		at org.apache.catalina.core.ApplicationFilterChain.doFilter(ApplicationFilterChain.java:128)
		at org.apache.tomcat.websocket.server.WsFilter.doFilter(WsFilter.java:53)
		at org.apache.catalina.core.ApplicationFilterChain.doFilter(ApplicationFilterChain.java:107)
		at org.apache.catalina.core.StandardWrapperValve.invoke(StandardWrapperValve.java:165)
		at org.apache.catalina.core.StandardContextValve.invoke(StandardContextValve.java:77)
		at org.apache.catalina.authenticator.AuthenticatorBase.invoke(AuthenticatorBase.java:482)
		at org.apache.catalina.core.StandardHostValve.invoke(StandardHostValve.java:113)
		at org.apache.catalina.valves.ErrorReportValve.invoke(ErrorReportValve.java:83)
		at org.apache.catalina.valves.AbstractAccessLogValve.invoke(AbstractAccessLogValve.java:654)
		at org.apache.catalina.core.StandardEngineValve.invoke(StandardEngineValve.java:72)
		at org.apache.catalina.connector.CoyoteAdapter.service(CoyoteAdapter.java:341)
		at org.apache.coyote.http11.Http11Processor.service(Http11Processor.java:397)
		at org.apache.coyote.AbstractProcessorLight.process(AbstractProcessorLight.java:63)
		at org.apache.coyote.AbstractProtocol$ConnectionHandler.process(AbstractProtocol.java:903)
		at org.apache.tomcat.util.net.NioEndpoint$SocketProcessor.doRun(NioEndpoint.java:1778)
		at org.apache.tomcat.util.net.SocketProcessorBase.run(SocketProcessorBase.java:52)
		at org.apache.tomcat.util.threads.ThreadPoolExecutor.runWorker(ThreadPoolExecutor.java:946)
		at org.apache.tomcat.util.threads.ThreadPoolExecutor$Worker.run(ThreadPoolExecutor.java:480)
		at org.apache.tomcat.util.threads.TaskThread$WrappingRunnable.run(TaskThread.java:57)
		at java.base/java.lang.Thread.run(Thread.java:840)
17-Dec-2025 17:07:08.516 INFO [main] org.apache.catalina.core.ApplicationContext.log SessionListener: contextDestroyed()
17-Dec-2025 17:07:08.516 INFO [main] org.apache.catalina.core.ApplicationContext.log ContextListener: contextDestroyed()
17-Dec-2025 17:07:10.717 INFO [main] org.apache.catalina.core.ApplicationContext.log ContextListener: contextInitialized()
17-Dec-2025 17:07:10.717 INFO [main] org.apache.catalina.core.ApplicationContext.log SessionListener: contextInitialized()
17-Dec-2025 17:07:10.718 INFO [main] org.apache.catalina.core.ApplicationContext.log ContextListener: attributeAdded('StockTicker', 'async.Stockticker@29d25e65')
17-Dec-2025 17:07:14.413 SEVERE [http-nio-8080-exec-1] org.apache.catalina.core.StandardWrapperValve.invoke Servlet.service() for servlet [Synthese] in context with path [/ctp] threw exception
	java.lang.NullPointerException: Cannot read the array length because "<local7>" is null
		at Synthese.service(Synthese.java:28)
		at jakarta.servlet.http.HttpServlet.service(HttpServlet.java:710)
		at org.apache.catalina.core.ApplicationFilterChain.doFilter(ApplicationFilterChain.java:128)
		at org.apache.tomcat.websocket.server.WsFilter.doFilter(WsFilter.java:53)
		at org.apache.catalina.core.ApplicationFilterChain.doFilter(ApplicationFilterChain.java:107)
		at org.apache.catalina.core.StandardWrapperValve.invoke(StandardWrapperValve.java:165)
		at org.apache.catalina.core.StandardContextValve.invoke(StandardContextValve.java:77)
		at org.apache.catalina.authenticator.AuthenticatorBase.invoke(AuthenticatorBase.java:482)
		at org.apache.catalina.core.StandardHostValve.invoke(StandardHostValve.java:113)
		at org.apache.catalina.valves.ErrorReportValve.invoke(ErrorReportValve.java:83)
		at org.apache.catalina.valves.AbstractAccessLogValve.invoke(AbstractAccessLogValve.java:654)
		at org.apache.catalina.core.StandardEngineValve.invoke(StandardEngineValve.java:72)
		at org.apache.catalina.connector.CoyoteAdapter.service(CoyoteAdapter.java:341)
		at org.apache.coyote.http11.Http11Processor.service(Http11Processor.java:397)
		at org.apache.coyote.AbstractProcessorLight.process(AbstractProcessorLight.java:63)
		at org.apache.coyote.AbstractProtocol$ConnectionHandler.process(AbstractProtocol.java:903)
		at org.apache.tomcat.util.net.NioEndpoint$SocketProcessor.doRun(NioEndpoint.java:1778)
		at org.apache.tomcat.util.net.SocketProcessorBase.run(SocketProcessorBase.java:52)
		at org.apache.tomcat.util.threads.ThreadPoolExecutor.runWorker(ThreadPoolExecutor.java:946)
		at org.apache.tomcat.util.threads.ThreadPoolExecutor$Worker.run(ThreadPoolExecutor.java:480)
		at org.apache.tomcat.util.threads.TaskThread$WrappingRunnable.run(TaskThread.java:57)
		at java.base/java.lang.Thread.run(Thread.java:840)
17-Dec-2025 17:08:33.836 INFO [main] org.apache.catalina.core.ApplicationContext.log SessionListener: contextDestroyed()
17-Dec-2025 17:08:33.836 INFO [main] org.apache.catalina.core.ApplicationContext.log ContextListener: contextDestroyed()
17-Dec-2025 17:08:36.494 INFO [main] org.apache.catalina.core.ApplicationContext.log ContextListener: contextInitialized()
17-Dec-2025 17:08:36.494 INFO [main] org.apache.catalina.core.ApplicationContext.log SessionListener: contextInitialized()
17-Dec-2025 17:08:36.495 INFO [main] org.apache.catalina.core.ApplicationContext.log ContextListener: attributeAdded('StockTicker', 'async.Stockticker@72465eb2')
17-Dec-2025 17:21:06.767 INFO [main] org.apache.catalina.core.ApplicationContext.log SessionListener: contextDestroyed()
17-Dec-2025 17:21:06.768 INFO [main] org.apache.catalina.core.ApplicationContext.log ContextListener: contextDestroyed()
17-Dec-2025 17:21:09.285 INFO [main] org.apache.catalina.core.ApplicationContext.log ContextListener: contextInitialized()
17-Dec-2025 17:21:09.285 INFO [main] org.apache.catalina.core.ApplicationContext.log SessionListener: contextInitialized()
17-Dec-2025 17:21:09.286 INFO [main] org.apache.catalina.core.ApplicationContext.log ContextListener: attributeAdded('StockTicker', 'async.Stockticker@29d25e65')
17-Dec-2025 17:21:35.546 INFO [main] org.apache.catalina.core.ApplicationContext.log SessionListener: contextDestroyed()
17-Dec-2025 17:21:35.546 INFO [main] org.apache.catalina.core.ApplicationContext.log ContextListener: contextDestroyed()
17-Dec-2025 17:21:37.490 INFO [main] org.apache.catalina.core.ApplicationContext.log ContextListener: contextInitialized()
17-Dec-2025 17:21:37.490 INFO [main] org.apache.catalina.core.ApplicationContext.log SessionListener: contextInitialized()
17-Dec-2025 17:21:37.491 INFO [main] org.apache.catalina.core.ApplicationContext.log ContextListener: attributeAdded('StockTicker', 'async.Stockticker@52a7928a')
17-Dec-2025 17:21:51.782 INFO [main] org.apache.catalina.core.ApplicationContext.log SessionListener: contextDestroyed()
17-Dec-2025 17:21:51.782 INFO [main] org.apache.catalina.core.ApplicationContext.log ContextListener: contextDestroyed()
17-Dec-2025 17:21:53.817 INFO [main] org.apache.catalina.core.ApplicationContext.log ContextListener: contextInitialized()
17-Dec-2025 17:21:53.817 INFO [main] org.apache.catalina.core.ApplicationContext.log SessionListener: contextInitialized()
17-Dec-2025 17:21:53.818 INFO [main] org.apache.catalina.core.ApplicationContext.log ContextListener: attributeAdded('StockTicker', 'async.Stockticker@72465eb2')
17-Dec-2025 17:28:54.200 INFO [main] org.apache.catalina.core.ApplicationContext.log SessionListener: contextDestroyed()
17-Dec-2025 17:28:54.200 INFO [main] org.apache.catalina.core.ApplicationContext.log ContextListener: contextDestroyed()
17-Dec-2025 17:28:56.719 INFO [main] org.apache.catalina.core.ApplicationContext.log ContextListener: contextInitialized()
17-Dec-2025 17:28:56.719 INFO [main] org.apache.catalina.core.ApplicationContext.log SessionListener: contextInitialized()
17-Dec-2025 17:28:56.721 INFO [main] org.apache.catalina.core.ApplicationContext.log ContextListener: attributeAdded('StockTicker', 'async.Stockticker@29d25e65')
