08-Dec-2025 13:49:48.701 INFO [main] org.apache.catalina.core.ApplicationContext.log ContextListener: contextInitialized()
08-Dec-2025 13:49:48.702 INFO [main] org.apache.catalina.core.ApplicationContext.log SessionListener: contextInitialized()
08-Dec-2025 13:49:48.703 INFO [main] org.apache.catalina.core.ApplicationContext.log ContextListener: attributeAdded('StockTicker', 'async.Stockticker@5db4c359')
08-Dec-2025 14:45:57.026 INFO [main] org.apache.catalina.core.ApplicationContext.log SessionListener: contextDestroyed()
08-Dec-2025 14:45:57.026 INFO [main] org.apache.catalina.core.ApplicationContext.log ContextListener: contextDestroyed()
08-Dec-2025 14:46:01.229 INFO [main] org.apache.catalina.core.ApplicationContext.log ContextListener: contextInitialized()
08-Dec-2025 14:46:01.230 INFO [main] org.apache.catalina.core.ApplicationContext.log SessionListener: contextInitialized()
08-Dec-2025 14:46:01.232 INFO [main] org.apache.catalina.core.ApplicationContext.log ContextListener: attributeAdded('StockTicker', 'async.Stockticker@4a8ab068')
08-Dec-2025 14:53:23.391 INFO [main] org.apache.catalina.core.ApplicationContext.log SessionListener: contextDestroyed()
08-Dec-2025 14:53:23.391 INFO [main] org.apache.catalina.core.ApplicationContext.log ContextListener: contextDestroyed()
08-Dec-2025 14:53:26.317 INFO [main] org.apache.catalina.core.ApplicationContext.log ContextListener: contextInitialized()
08-Dec-2025 14:53:26.317 INFO [main] org.apache.catalina.core.ApplicationContext.log SessionListener: contextInitialized()
08-Dec-2025 14:53:26.318 INFO [main] org.apache.catalina.core.ApplicationContext.log ContextListener: attributeAdded('StockTicker', 'async.Stockticker@460f76a6')
08-Dec-2025 14:54:00.981 INFO [main] org.apache.catalina.core.ApplicationContext.log ContextListener: contextInitialized()
08-Dec-2025 14:54:00.982 INFO [main] org.apache.catalina.core.ApplicationContext.log SessionListener: contextInitialized()
08-Dec-2025 14:54:00.982 INFO [main] org.apache.catalina.core.ApplicationContext.log ContextListener: attributeAdded('StockTicker', 'async.Stockticker@664a9613')
08-Dec-2025 14:54:00.998 INFO [main] org.apache.catalina.core.ApplicationContext.log SessionListener: contextDestroyed()
08-Dec-2025 14:54:00.998 INFO [main] org.apache.catalina.core.ApplicationContext.log ContextListener: contextDestroyed()
08-Dec-2025 14:54:02.943 INFO [main] org.apache.catalina.core.ApplicationContext.log SessionListener: contextDestroyed()
08-Dec-2025 14:54:02.943 INFO [main] org.apache.catalina.core.ApplicationContext.log ContextListener: contextDestroyed()
08-Dec-2025 14:54:04.814 INFO [main] org.apache.catalina.core.ApplicationContext.log ContextListener: contextInitialized()
08-Dec-2025 14:54:04.814 INFO [main] org.apache.catalina.core.ApplicationContext.log SessionListener: contextInitialized()
08-Dec-2025 14:54:04.815 INFO [main] org.apache.catalina.core.ApplicationContext.log ContextListener: attributeAdded('StockTicker', 'async.Stockticker@4a8ab068')
08-Dec-2025 14:54:23.173 INFO [main] org.apache.catalina.core.ApplicationContext.log SessionListener: contextDestroyed()
08-Dec-2025 14:54:23.173 INFO [main] org.apache.catalina.core.ApplicationContext.log ContextListener: contextDestroyed()
08-Dec-2025 14:54:26.863 INFO [main] org.apache.catalina.core.ApplicationContext.log ContextListener: contextInitialized()
08-Dec-2025 14:54:26.863 INFO [main] org.apache.catalina.core.ApplicationContext.log SessionListener: contextInitialized()
08-Dec-2025 14:54:26.864 INFO [main] org.apache.catalina.core.ApplicationContext.log ContextListener: attributeAdded('StockTicker', 'async.Stockticker@5dcbb60')
08-Dec-2025 14:56:10.796 INFO [main] org.apache.catalina.core.ApplicationContext.log SessionListener: contextDestroyed()
08-Dec-2025 14:56:10.796 INFO [main] org.apache.catalina.core.ApplicationContext.log ContextListener: contextDestroyed()
08-Dec-2025 14:56:13.620 INFO [main] org.apache.catalina.core.ApplicationContext.log ContextListener: contextInitialized()
08-Dec-2025 14:56:13.620 INFO [main] org.apache.catalina.core.ApplicationContext.log SessionListener: contextInitialized()
08-Dec-2025 14:56:13.621 INFO [main] org.apache.catalina.core.ApplicationContext.log ContextListener: attributeAdded('StockTicker', 'async.Stockticker@4a8ab068')
08-Dec-2025 14:58:04.575 INFO [main] org.apache.catalina.core.ApplicationContext.log SessionListener: contextDestroyed()
08-Dec-2025 14:58:04.575 INFO [main] org.apache.catalina.core.ApplicationContext.log ContextListener: contextDestroyed()
08-Dec-2025 14:58:06.916 INFO [main] org.apache.catalina.core.ApplicationContext.log ContextListener: contextInitialized()
08-Dec-2025 14:58:06.916 INFO [main] org.apache.catalina.core.ApplicationContext.log SessionListener: contextInitialized()
08-Dec-2025 14:58:06.917 INFO [main] org.apache.catalina.core.ApplicationContext.log ContextListener: attributeAdded('StockTicker', 'async.Stockticker@770d4269')
08-Dec-2025 15:03:47.535 INFO [main] org.apache.catalina.core.ApplicationContext.log SessionListener: contextDestroyed()
08-Dec-2025 15:03:47.535 INFO [main] org.apache.catalina.core.ApplicationContext.log ContextListener: contextDestroyed()
08-Dec-2025 15:03:50.377 INFO [main] org.apache.catalina.core.ApplicationContext.log ContextListener: contextInitialized()
08-Dec-2025 15:03:50.378 INFO [main] org.apache.catalina.core.ApplicationContext.log SessionListener: contextInitialized()
08-Dec-2025 15:03:50.381 INFO [main] org.apache.catalina.core.ApplicationContext.log ContextListener: attributeAdded('StockTicker', 'async.Stockticker@11acdc30')
08-Dec-2025 15:06:22.550 INFO [main] org.apache.catalina.core.ApplicationContext.log SessionListener: contextDestroyed()
08-Dec-2025 15:06:22.550 INFO [main] org.apache.catalina.core.ApplicationContext.log ContextListener: contextDestroyed()
08-Dec-2025 15:06:29.808 INFO [main] org.apache.catalina.core.ApplicationContext.log ContextListener: contextInitialized()
08-Dec-2025 15:06:29.808 INFO [main] org.apache.catalina.core.ApplicationContext.log SessionListener: contextInitialized()
08-Dec-2025 15:06:29.810 INFO [main] org.apache.catalina.core.ApplicationContext.log ContextListener: attributeAdded('StockTicker', 'async.Stockticker@460f76a6')
08-Dec-2025 15:08:05.120 INFO [main] org.apache.catalina.core.ApplicationContext.log SessionListener: contextDestroyed()
08-Dec-2025 15:08:05.120 INFO [main] org.apache.catalina.core.ApplicationContext.log ContextListener: contextDestroyed()
08-Dec-2025 15:08:11.199 INFO [main] org.apache.catalina.core.ApplicationContext.log ContextListener: contextInitialized()
08-Dec-2025 15:08:11.199 INFO [main] org.apache.catalina.core.ApplicationContext.log SessionListener: contextInitialized()
08-Dec-2025 15:08:11.200 INFO [main] org.apache.catalina.core.ApplicationContext.log ContextListener: attributeAdded('StockTicker', 'async.Stockticker@460f76a6')
08-Dec-2025 15:08:17.490 SEVERE [http-nio-8080-exec-2] org.apache.catalina.core.StandardWrapperValve.invoke Servlet.service() for servlet [Statut] in context with path [/tpAuthentification] threw exception
	java.lang.NullPointerException: Cannot invoke "jakarta.servlet.http.HttpSession.getAttribute(String)" because "<local3>" is null
		at Statut.doGet(Statut.java:14)
		at jakarta.servlet.http.HttpServlet.service(HttpServlet.java:622)
		at jakarta.servlet.http.HttpServlet.service(HttpServlet.java:710)
		at org.apache.catalina.core.ApplicationFilterChain.doFilter(ApplicationFilterChain.java:128)
		at org.apache.tomcat.websocket.server.WsFilter.doFilter(WsFilter.java:53)
		at org.apache.catalina.core.ApplicationFilterChain.doFilter(ApplicationFilterChain.java:107)
		at org.apache.catalina.core.StandardWrapperValve.invoke(StandardWrapperValve.java:165)
		at org.apache.catalina.core.StandardContextValve.invoke(StandardContextValve.java:77)
		at org.apache.catalina.authenticator.AuthenticatorBase.invoke(AuthenticatorBase.java:482)
		at org.apache.catalina.core.StandardHostValve.invoke(StandardHostValve.java:113)
		at org.apache.catalina.valves.ErrorReportValve.invoke(ErrorReportValve.java:83)
		at org.apache.catalina.valves.AbstractAccessLogValve.invoke(AbstractAccessLogValve.java:654)
		at org.apache.catalina.core.StandardEngineValve.invoke(StandardEngineValve.java:72)
		at org.apache.catalina.connector.CoyoteAdapter.service(CoyoteAdapter.java:341)
		at org.apache.coyote.http11.Http11Processor.service(Http11Processor.java:397)
		at org.apache.coyote.AbstractProcessorLight.process(AbstractProcessorLight.java:63)
		at org.apache.coyote.AbstractProtocol$ConnectionHandler.process(AbstractProtocol.java:903)
		at org.apache.tomcat.util.net.NioEndpoint$SocketProcessor.doRun(NioEndpoint.java:1778)
		at org.apache.tomcat.util.net.SocketProcessorBase.run(SocketProcessorBase.java:52)
		at org.apache.tomcat.util.threads.ThreadPoolExecutor.runWorker(ThreadPoolExecutor.java:946)
		at org.apache.tomcat.util.threads.ThreadPoolExecutor$Worker.run(ThreadPoolExecutor.java:480)
		at org.apache.tomcat.util.threads.TaskThread$WrappingRunnable.run(TaskThread.java:57)
		at java.base/java.lang.Thread.run(Thread.java:840)
08-Dec-2025 15:12:10.819 INFO [main] org.apache.catalina.core.ApplicationContext.log SessionListener: contextDestroyed()
08-Dec-2025 15:12:10.819 INFO [main] org.apache.catalina.core.ApplicationContext.log ContextListener: contextDestroyed()
08-Dec-2025 15:12:13.393 INFO [main] org.apache.catalina.core.ApplicationContext.log ContextListener: contextInitialized()
08-Dec-2025 15:12:13.393 INFO [main] org.apache.catalina.core.ApplicationContext.log SessionListener: contextInitialized()
08-Dec-2025 15:12:13.395 INFO [main] org.apache.catalina.core.ApplicationContext.log ContextListener: attributeAdded('StockTicker', 'async.Stockticker@460f76a6')
08-Dec-2025 15:12:16.949 SEVERE [http-nio-8080-exec-2] org.apache.catalina.core.StandardWrapperValve.invoke Servlet.service() for servlet [Statut] in context with path [/tpAuthentification] threw exception
	java.lang.NullPointerException: Cannot invoke "jakarta.servlet.http.HttpSession.getAttribute(String)" because "<local3>" is null
		at Statut.doGet(Statut.java:14)
		at jakarta.servlet.http.HttpServlet.service(HttpServlet.java:622)
		at jakarta.servlet.http.HttpServlet.service(HttpServlet.java:710)
		at org.apache.catalina.core.ApplicationFilterChain.doFilter(ApplicationFilterChain.java:128)
		at org.apache.tomcat.websocket.server.WsFilter.doFilter(WsFilter.java:53)
		at org.apache.catalina.core.ApplicationFilterChain.doFilter(ApplicationFilterChain.java:107)
		at org.apache.catalina.core.StandardWrapperValve.invoke(StandardWrapperValve.java:165)
		at org.apache.catalina.core.StandardContextValve.invoke(StandardContextValve.java:77)
		at org.apache.catalina.authenticator.AuthenticatorBase.invoke(AuthenticatorBase.java:482)
		at org.apache.catalina.core.StandardHostValve.invoke(StandardHostValve.java:113)
		at org.apache.catalina.valves.ErrorReportValve.invoke(ErrorReportValve.java:83)
		at org.apache.catalina.valves.AbstractAccessLogValve.invoke(AbstractAccessLogValve.java:654)
		at org.apache.catalina.core.StandardEngineValve.invoke(StandardEngineValve.java:72)
		at org.apache.catalina.connector.CoyoteAdapter.service(CoyoteAdapter.java:341)
		at org.apache.coyote.http11.Http11Processor.service(Http11Processor.java:397)
		at org.apache.coyote.AbstractProcessorLight.process(AbstractProcessorLight.java:63)
		at org.apache.coyote.AbstractProtocol$ConnectionHandler.process(AbstractProtocol.java:903)
		at org.apache.tomcat.util.net.NioEndpoint$SocketProcessor.doRun(NioEndpoint.java:1778)
		at org.apache.tomcat.util.net.SocketProcessorBase.run(SocketProcessorBase.java:52)
		at org.apache.tomcat.util.threads.ThreadPoolExecutor.runWorker(ThreadPoolExecutor.java:946)
		at org.apache.tomcat.util.threads.ThreadPoolExecutor$Worker.run(ThreadPoolExecutor.java:480)
		at org.apache.tomcat.util.threads.TaskThread$WrappingRunnable.run(TaskThread.java:57)
		at java.base/java.lang.Thread.run(Thread.java:840)
08-Dec-2025 15:13:43.828 INFO [main] org.apache.catalina.core.ApplicationContext.log SessionListener: contextDestroyed()
08-Dec-2025 15:13:43.828 INFO [main] org.apache.catalina.core.ApplicationContext.log ContextListener: contextDestroyed()
08-Dec-2025 15:13:46.514 INFO [main] org.apache.catalina.core.ApplicationContext.log ContextListener: contextInitialized()
08-Dec-2025 15:13:46.514 INFO [main] org.apache.catalina.core.ApplicationContext.log SessionListener: contextInitialized()
08-Dec-2025 15:13:46.517 INFO [main] org.apache.catalina.core.ApplicationContext.log ContextListener: attributeAdded('StockTicker', 'async.Stockticker@770d4269')
08-Dec-2025 15:13:49.740 SEVERE [http-nio-8080-exec-2] org.apache.catalina.core.StandardWrapperValve.invoke Servlet.service() for servlet [Statut] in context with path [/tpAuthentification] threw exception
	java.lang.NullPointerException: Cannot invoke "jakarta.servlet.http.HttpSession.getAttribute(String)" because "<local3>" is null
		at Statut.doGet(Statut.java:14)
		at jakarta.servlet.http.HttpServlet.service(HttpServlet.java:622)
		at jakarta.servlet.http.HttpServlet.service(HttpServlet.java:710)
		at org.apache.catalina.core.ApplicationFilterChain.doFilter(ApplicationFilterChain.java:128)
		at org.apache.tomcat.websocket.server.WsFilter.doFilter(WsFilter.java:53)
		at org.apache.catalina.core.ApplicationFilterChain.doFilter(ApplicationFilterChain.java:107)
		at org.apache.catalina.core.StandardWrapperValve.invoke(StandardWrapperValve.java:165)
		at org.apache.catalina.core.StandardContextValve.invoke(StandardContextValve.java:77)
		at org.apache.catalina.authenticator.AuthenticatorBase.invoke(AuthenticatorBase.java:482)
		at org.apache.catalina.core.StandardHostValve.invoke(StandardHostValve.java:113)
		at org.apache.catalina.valves.ErrorReportValve.invoke(ErrorReportValve.java:83)
		at org.apache.catalina.valves.AbstractAccessLogValve.invoke(AbstractAccessLogValve.java:654)
		at org.apache.catalina.core.StandardEngineValve.invoke(StandardEngineValve.java:72)
		at org.apache.catalina.connector.CoyoteAdapter.service(CoyoteAdapter.java:341)
		at org.apache.coyote.http11.Http11Processor.service(Http11Processor.java:397)
		at org.apache.coyote.AbstractProcessorLight.process(AbstractProcessorLight.java:63)
		at org.apache.coyote.AbstractProtocol$ConnectionHandler.process(AbstractProtocol.java:903)
		at org.apache.tomcat.util.net.NioEndpoint$SocketProcessor.doRun(NioEndpoint.java:1778)
		at org.apache.tomcat.util.net.SocketProcessorBase.run(SocketProcessorBase.java:52)
		at org.apache.tomcat.util.threads.ThreadPoolExecutor.runWorker(ThreadPoolExecutor.java:946)
		at org.apache.tomcat.util.threads.ThreadPoolExecutor$Worker.run(ThreadPoolExecutor.java:480)
		at org.apache.tomcat.util.threads.TaskThread$WrappingRunnable.run(TaskThread.java:57)
		at java.base/java.lang.Thread.run(Thread.java:840)
08-Dec-2025 15:15:45.938 INFO [main] org.apache.catalina.core.ApplicationContext.log SessionListener: contextDestroyed()
08-Dec-2025 15:15:45.938 INFO [main] org.apache.catalina.core.ApplicationContext.log ContextListener: contextDestroyed()
08-Dec-2025 15:15:48.729 INFO [main] org.apache.catalina.core.ApplicationContext.log ContextListener: contextInitialized()
08-Dec-2025 15:15:48.729 INFO [main] org.apache.catalina.core.ApplicationContext.log SessionListener: contextInitialized()
08-Dec-2025 15:15:48.731 INFO [main] org.apache.catalina.core.ApplicationContext.log ContextListener: attributeAdded('StockTicker', 'async.Stockticker@460f76a6')
08-Dec-2025 15:15:54.084 SEVERE [http-nio-8080-exec-2] org.apache.catalina.core.StandardWrapperValve.invoke Servlet.service() for servlet [Statut] in context with path [/tpAuthentification] threw exception
	java.lang.NullPointerException: Cannot invoke "jakarta.servlet.http.HttpSession.getAttribute(String)" because "<local3>" is null
		at Statut.service(Statut.java:15)
		at jakarta.servlet.http.HttpServlet.service(HttpServlet.java:710)
		at org.apache.catalina.core.ApplicationFilterChain.doFilter(ApplicationFilterChain.java:128)
		at org.apache.tomcat.websocket.server.WsFilter.doFilter(WsFilter.java:53)
		at org.apache.catalina.core.ApplicationFilterChain.doFilter(ApplicationFilterChain.java:107)
		at org.apache.catalina.core.StandardWrapperValve.invoke(StandardWrapperValve.java:165)
		at org.apache.catalina.core.StandardContextValve.invoke(StandardContextValve.java:77)
		at org.apache.catalina.authenticator.AuthenticatorBase.invoke(AuthenticatorBase.java:482)
		at org.apache.catalina.core.StandardHostValve.invoke(StandardHostValve.java:113)
		at org.apache.catalina.valves.ErrorReportValve.invoke(ErrorReportValve.java:83)
		at org.apache.catalina.valves.AbstractAccessLogValve.invoke(AbstractAccessLogValve.java:654)
		at org.apache.catalina.core.StandardEngineValve.invoke(StandardEngineValve.java:72)
		at org.apache.catalina.connector.CoyoteAdapter.service(CoyoteAdapter.java:341)
		at org.apache.coyote.http11.Http11Processor.service(Http11Processor.java:397)
		at org.apache.coyote.AbstractProcessorLight.process(AbstractProcessorLight.java:63)
		at org.apache.coyote.AbstractProtocol$ConnectionHandler.process(AbstractProtocol.java:903)
		at org.apache.tomcat.util.net.NioEndpoint$SocketProcessor.doRun(NioEndpoint.java:1778)
		at org.apache.tomcat.util.net.SocketProcessorBase.run(SocketProcessorBase.java:52)
		at org.apache.tomcat.util.threads.ThreadPoolExecutor.runWorker(ThreadPoolExecutor.java:946)
		at org.apache.tomcat.util.threads.ThreadPoolExecutor$Worker.run(ThreadPoolExecutor.java:480)
		at org.apache.tomcat.util.threads.TaskThread$WrappingRunnable.run(TaskThread.java:57)
		at java.base/java.lang.Thread.run(Thread.java:840)
08-Dec-2025 15:20:01.176 SEVERE [http-nio-8080-exec-3] org.apache.catalina.core.StandardWrapperValve.invoke Servlet.service() for servlet [Statut] in context with path [/tpAuthentification] threw exception
	java.lang.NullPointerException: Cannot invoke "jakarta.servlet.http.HttpSession.getAttribute(String)" because "<local3>" is null
		at Statut.service(Statut.java:15)
		at jakarta.servlet.http.HttpServlet.service(HttpServlet.java:710)
		at org.apache.catalina.core.ApplicationFilterChain.doFilter(ApplicationFilterChain.java:128)
		at org.apache.tomcat.websocket.server.WsFilter.doFilter(WsFilter.java:53)
		at org.apache.catalina.core.ApplicationFilterChain.doFilter(ApplicationFilterChain.java:107)
		at org.apache.catalina.core.StandardWrapperValve.invoke(StandardWrapperValve.java:165)
		at org.apache.catalina.core.StandardContextValve.invoke(StandardContextValve.java:77)
		at org.apache.catalina.authenticator.AuthenticatorBase.invoke(AuthenticatorBase.java:482)
		at org.apache.catalina.core.StandardHostValve.invoke(StandardHostValve.java:113)
		at org.apache.catalina.valves.ErrorReportValve.invoke(ErrorReportValve.java:83)
		at org.apache.catalina.valves.AbstractAccessLogValve.invoke(AbstractAccessLogValve.java:654)
		at org.apache.catalina.core.StandardEngineValve.invoke(StandardEngineValve.java:72)
		at org.apache.catalina.connector.CoyoteAdapter.service(CoyoteAdapter.java:341)
		at org.apache.coyote.http11.Http11Processor.service(Http11Processor.java:397)
		at org.apache.coyote.AbstractProcessorLight.process(AbstractProcessorLight.java:63)
		at org.apache.coyote.AbstractProtocol$ConnectionHandler.process(AbstractProtocol.java:903)
		at org.apache.tomcat.util.net.NioEndpoint$SocketProcessor.doRun(NioEndpoint.java:1778)
		at org.apache.tomcat.util.net.SocketProcessorBase.run(SocketProcessorBase.java:52)
		at org.apache.tomcat.util.threads.ThreadPoolExecutor.runWorker(ThreadPoolExecutor.java:946)
		at org.apache.tomcat.util.threads.ThreadPoolExecutor$Worker.run(ThreadPoolExecutor.java:480)
		at org.apache.tomcat.util.threads.TaskThread$WrappingRunnable.run(TaskThread.java:57)
		at java.base/java.lang.Thread.run(Thread.java:840)
08-Dec-2025 15:20:03.223 SEVERE [http-nio-8080-exec-5] org.apache.catalina.core.StandardWrapperValve.invoke Servlet.service() for servlet [Statut] in context with path [/tpAuthentification] threw exception
	java.lang.NullPointerException: Cannot invoke "jakarta.servlet.http.HttpSession.getAttribute(String)" because "<local3>" is null
		at Statut.service(Statut.java:15)
		at jakarta.servlet.http.HttpServlet.service(HttpServlet.java:710)
		at org.apache.catalina.core.ApplicationFilterChain.doFilter(ApplicationFilterChain.java:128)
		at org.apache.tomcat.websocket.server.WsFilter.doFilter(WsFilter.java:53)
		at org.apache.catalina.core.ApplicationFilterChain.doFilter(ApplicationFilterChain.java:107)
		at org.apache.catalina.core.StandardWrapperValve.invoke(StandardWrapperValve.java:165)
		at org.apache.catalina.core.StandardContextValve.invoke(StandardContextValve.java:77)
		at org.apache.catalina.authenticator.AuthenticatorBase.invoke(AuthenticatorBase.java:482)
		at org.apache.catalina.core.StandardHostValve.invoke(StandardHostValve.java:113)
		at org.apache.catalina.valves.ErrorReportValve.invoke(ErrorReportValve.java:83)
		at org.apache.catalina.valves.AbstractAccessLogValve.invoke(AbstractAccessLogValve.java:654)
		at org.apache.catalina.core.StandardEngineValve.invoke(StandardEngineValve.java:72)
		at org.apache.catalina.connector.CoyoteAdapter.service(CoyoteAdapter.java:341)
		at org.apache.coyote.http11.Http11Processor.service(Http11Processor.java:397)
		at org.apache.coyote.AbstractProcessorLight.process(AbstractProcessorLight.java:63)
		at org.apache.coyote.AbstractProtocol$ConnectionHandler.process(AbstractProtocol.java:903)
		at org.apache.tomcat.util.net.NioEndpoint$SocketProcessor.doRun(NioEndpoint.java:1778)
		at org.apache.tomcat.util.net.SocketProcessorBase.run(SocketProcessorBase.java:52)
		at org.apache.tomcat.util.threads.ThreadPoolExecutor.runWorker(ThreadPoolExecutor.java:946)
		at org.apache.tomcat.util.threads.ThreadPoolExecutor$Worker.run(ThreadPoolExecutor.java:480)
		at org.apache.tomcat.util.threads.TaskThread$WrappingRunnable.run(TaskThread.java:57)
		at java.base/java.lang.Thread.run(Thread.java:840)
08-Dec-2025 15:20:10.029 INFO [main] org.apache.catalina.core.ApplicationContext.log SessionListener: contextDestroyed()
08-Dec-2025 15:20:10.029 INFO [main] org.apache.catalina.core.ApplicationContext.log ContextListener: contextDestroyed()
08-Dec-2025 15:20:12.422 INFO [main] org.apache.catalina.core.ApplicationContext.log ContextListener: contextInitialized()
08-Dec-2025 15:20:12.422 INFO [main] org.apache.catalina.core.ApplicationContext.log SessionListener: contextInitialized()
08-Dec-2025 15:20:12.424 INFO [main] org.apache.catalina.core.ApplicationContext.log ContextListener: attributeAdded('StockTicker', 'async.Stockticker@4a8ab068')
08-Dec-2025 15:20:15.386 SEVERE [http-nio-8080-exec-2] org.apache.catalina.core.StandardWrapperValve.invoke Servlet.service() for servlet [Statut] in context with path [/tpAuthentification] threw exception
	java.lang.NullPointerException: Cannot invoke "jakarta.servlet.http.HttpSession.getAttribute(String)" because "<local3>" is null
		at Statut.service(Statut.java:15)
		at jakarta.servlet.http.HttpServlet.service(HttpServlet.java:710)
		at org.apache.catalina.core.ApplicationFilterChain.doFilter(ApplicationFilterChain.java:128)
		at org.apache.tomcat.websocket.server.WsFilter.doFilter(WsFilter.java:53)
		at org.apache.catalina.core.ApplicationFilterChain.doFilter(ApplicationFilterChain.java:107)
		at org.apache.catalina.core.StandardWrapperValve.invoke(StandardWrapperValve.java:165)
		at org.apache.catalina.core.StandardContextValve.invoke(StandardContextValve.java:77)
		at org.apache.catalina.authenticator.AuthenticatorBase.invoke(AuthenticatorBase.java:482)
		at org.apache.catalina.core.StandardHostValve.invoke(StandardHostValve.java:113)
		at org.apache.catalina.valves.ErrorReportValve.invoke(ErrorReportValve.java:83)
		at org.apache.catalina.valves.AbstractAccessLogValve.invoke(AbstractAccessLogValve.java:654)
		at org.apache.catalina.core.StandardEngineValve.invoke(StandardEngineValve.java:72)
		at org.apache.catalina.connector.CoyoteAdapter.service(CoyoteAdapter.java:341)
		at org.apache.coyote.http11.Http11Processor.service(Http11Processor.java:397)
		at org.apache.coyote.AbstractProcessorLight.process(AbstractProcessorLight.java:63)
		at org.apache.coyote.AbstractProtocol$ConnectionHandler.process(AbstractProtocol.java:903)
		at org.apache.tomcat.util.net.NioEndpoint$SocketProcessor.doRun(NioEndpoint.java:1778)
		at org.apache.tomcat.util.net.SocketProcessorBase.run(SocketProcessorBase.java:52)
		at org.apache.tomcat.util.threads.ThreadPoolExecutor.runWorker(ThreadPoolExecutor.java:946)
		at org.apache.tomcat.util.threads.ThreadPoolExecutor$Worker.run(ThreadPoolExecutor.java:480)
		at org.apache.tomcat.util.threads.TaskThread$WrappingRunnable.run(TaskThread.java:57)
		at java.base/java.lang.Thread.run(Thread.java:840)
08-Dec-2025 15:22:35.404 INFO [main] org.apache.catalina.core.ApplicationContext.log SessionListener: contextDestroyed()
08-Dec-2025 15:22:35.404 INFO [main] org.apache.catalina.core.ApplicationContext.log ContextListener: contextDestroyed()
08-Dec-2025 15:22:37.774 INFO [main] org.apache.catalina.core.ApplicationContext.log ContextListener: contextInitialized()
08-Dec-2025 15:22:37.775 INFO [main] org.apache.catalina.core.ApplicationContext.log SessionListener: contextInitialized()
08-Dec-2025 15:22:37.776 INFO [main] org.apache.catalina.core.ApplicationContext.log ContextListener: attributeAdded('StockTicker', 'async.Stockticker@460f76a6')
08-Dec-2025 15:24:40.201 INFO [main] org.apache.catalina.core.ApplicationContext.log SessionListener: contextDestroyed()
08-Dec-2025 15:24:40.201 INFO [main] org.apache.catalina.core.ApplicationContext.log ContextListener: contextDestroyed()
08-Dec-2025 15:24:45.027 INFO [main] org.apache.catalina.core.ApplicationContext.log ContextListener: contextInitialized()
08-Dec-2025 15:24:45.027 INFO [main] org.apache.catalina.core.ApplicationContext.log SessionListener: contextInitialized()
08-Dec-2025 15:24:45.028 INFO [main] org.apache.catalina.core.ApplicationContext.log ContextListener: attributeAdded('StockTicker', 'async.Stockticker@770d4269')
08-Dec-2025 15:25:27.392 INFO [main] org.apache.catalina.core.ApplicationContext.log ContextListener: contextInitialized()
08-Dec-2025 15:25:27.392 INFO [main] org.apache.catalina.core.ApplicationContext.log SessionListener: contextInitialized()
08-Dec-2025 15:25:27.393 INFO [main] org.apache.catalina.core.ApplicationContext.log ContextListener: attributeAdded('StockTicker', 'async.Stockticker@664a9613')
08-Dec-2025 15:25:27.412 INFO [main] org.apache.catalina.core.ApplicationContext.log SessionListener: contextDestroyed()
08-Dec-2025 15:25:27.412 INFO [main] org.apache.catalina.core.ApplicationContext.log ContextListener: contextDestroyed()
08-Dec-2025 15:25:32.942 INFO [main] org.apache.catalina.core.ApplicationContext.log SessionListener: contextDestroyed()
08-Dec-2025 15:25:32.942 INFO [main] org.apache.catalina.core.ApplicationContext.log ContextListener: contextDestroyed()
08-Dec-2025 15:25:36.060 INFO [main] org.apache.catalina.core.ApplicationContext.log ContextListener: contextInitialized()
08-Dec-2025 15:25:36.061 INFO [main] org.apache.catalina.core.ApplicationContext.log SessionListener: contextInitialized()
08-Dec-2025 15:25:36.062 INFO [main] org.apache.catalina.core.ApplicationContext.log ContextListener: attributeAdded('StockTicker', 'async.Stockticker@4a8ab068')
08-Dec-2025 15:26:29.473 INFO [main] org.apache.catalina.core.ApplicationContext.log SessionListener: contextDestroyed()
08-Dec-2025 15:26:29.473 INFO [main] org.apache.catalina.core.ApplicationContext.log ContextListener: contextDestroyed()
08-Dec-2025 15:26:36.527 INFO [main] org.apache.catalina.core.ApplicationContext.log ContextListener: contextInitialized()
08-Dec-2025 15:26:36.527 INFO [main] org.apache.catalina.core.ApplicationContext.log SessionListener: contextInitialized()
08-Dec-2025 15:26:36.529 INFO [main] org.apache.catalina.core.ApplicationContext.log ContextListener: attributeAdded('StockTicker', 'async.Stockticker@770d4269')
08-Dec-2025 15:27:11.547 INFO [main] org.apache.catalina.core.ApplicationContext.log SessionListener: contextDestroyed()
08-Dec-2025 15:27:11.547 INFO [main] org.apache.catalina.core.ApplicationContext.log ContextListener: contextDestroyed()
08-Dec-2025 15:27:13.995 INFO [main] org.apache.catalina.core.ApplicationContext.log ContextListener: contextInitialized()
08-Dec-2025 15:27:13.995 INFO [main] org.apache.catalina.core.ApplicationContext.log SessionListener: contextInitialized()
08-Dec-2025 15:27:13.996 INFO [main] org.apache.catalina.core.ApplicationContext.log ContextListener: attributeAdded('StockTicker', 'async.Stockticker@4a8ab068')
08-Dec-2025 15:29:31.156 INFO [main] org.apache.catalina.core.ApplicationContext.log SessionListener: contextDestroyed()
08-Dec-2025 15:29:31.156 INFO [main] org.apache.catalina.core.ApplicationContext.log ContextListener: contextDestroyed()
08-Dec-2025 15:29:36.459 INFO [main] org.apache.catalina.core.ApplicationContext.log ContextListener: contextInitialized()
08-Dec-2025 15:29:36.459 INFO [main] org.apache.catalina.core.ApplicationContext.log SessionListener: contextInitialized()
08-Dec-2025 15:29:36.461 INFO [main] org.apache.catalina.core.ApplicationContext.log ContextListener: attributeAdded('StockTicker', 'async.Stockticker@4a8ab068')
08-Dec-2025 15:32:45.552 INFO [main] org.apache.catalina.core.ApplicationContext.log SessionListener: contextDestroyed()
08-Dec-2025 15:32:45.552 INFO [main] org.apache.catalina.core.ApplicationContext.log ContextListener: contextDestroyed()
08-Dec-2025 15:32:48.689 INFO [main] org.apache.catalina.core.ApplicationContext.log ContextListener: contextInitialized()
08-Dec-2025 15:32:48.689 INFO [main] org.apache.catalina.core.ApplicationContext.log SessionListener: contextInitialized()
08-Dec-2025 15:32:48.690 INFO [main] org.apache.catalina.core.ApplicationContext.log ContextListener: attributeAdded('StockTicker', 'async.Stockticker@55f3c410')
08-Dec-2025 15:37:35.653 INFO [main] org.apache.catalina.core.ApplicationContext.log SessionListener: contextDestroyed()
08-Dec-2025 15:37:35.653 INFO [main] org.apache.catalina.core.ApplicationContext.log ContextListener: contextDestroyed()
08-Dec-2025 15:37:40.874 INFO [main] org.apache.catalina.core.ApplicationContext.log ContextListener: contextInitialized()
08-Dec-2025 15:37:40.875 INFO [main] org.apache.catalina.core.ApplicationContext.log SessionListener: contextInitialized()
08-Dec-2025 15:37:40.876 INFO [main] org.apache.catalina.core.ApplicationContext.log ContextListener: attributeAdded('StockTicker', 'async.Stockticker@11acdc30')
08-Dec-2025 15:38:16.510 INFO [main] org.apache.catalina.core.ApplicationContext.log ContextListener: contextInitialized()
08-Dec-2025 15:38:16.511 INFO [main] org.apache.catalina.core.ApplicationContext.log SessionListener: contextInitialized()
08-Dec-2025 15:38:16.513 INFO [main] org.apache.catalina.core.ApplicationContext.log ContextListener: attributeAdded('StockTicker', 'async.Stockticker@15a902e7')
08-Dec-2025 15:38:16.537 INFO [main] org.apache.catalina.core.ApplicationContext.log SessionListener: contextDestroyed()
08-Dec-2025 15:38:16.537 INFO [main] org.apache.catalina.core.ApplicationContext.log ContextListener: contextDestroyed()
08-Dec-2025 15:38:53.517 INFO [main] org.apache.catalina.core.ApplicationContext.log SessionListener: contextDestroyed()
08-Dec-2025 15:38:53.517 INFO [main] org.apache.catalina.core.ApplicationContext.log ContextListener: contextDestroyed()
08-Dec-2025 15:38:56.027 INFO [main] org.apache.catalina.core.ApplicationContext.log ContextListener: contextInitialized()
08-Dec-2025 15:38:56.027 INFO [main] org.apache.catalina.core.ApplicationContext.log SessionListener: contextInitialized()
08-Dec-2025 15:38:56.029 INFO [main] org.apache.catalina.core.ApplicationContext.log ContextListener: attributeAdded('StockTicker', 'async.Stockticker@770d4269')
08-Dec-2025 15:39:22.309 INFO [main] org.apache.catalina.core.ApplicationContext.log SessionListener: contextDestroyed()
08-Dec-2025 15:39:22.309 INFO [main] org.apache.catalina.core.ApplicationContext.log ContextListener: contextDestroyed()
08-Dec-2025 15:39:24.772 INFO [main] org.apache.catalina.core.ApplicationContext.log ContextListener: contextInitialized()
08-Dec-2025 15:39:24.772 INFO [main] org.apache.catalina.core.ApplicationContext.log SessionListener: contextInitialized()
08-Dec-2025 15:39:24.773 INFO [main] org.apache.catalina.core.ApplicationContext.log ContextListener: attributeAdded('StockTicker', 'async.Stockticker@11acdc30')
08-Dec-2025 15:42:18.164 INFO [main] org.apache.catalina.core.ApplicationContext.log SessionListener: contextDestroyed()
08-Dec-2025 15:42:18.165 INFO [main] org.apache.catalina.core.ApplicationContext.log ContextListener: contextDestroyed()
08-Dec-2025 15:42:20.732 INFO [main] org.apache.catalina.core.ApplicationContext.log ContextListener: contextInitialized()
08-Dec-2025 15:42:20.732 INFO [main] org.apache.catalina.core.ApplicationContext.log SessionListener: contextInitialized()
08-Dec-2025 15:42:20.733 INFO [main] org.apache.catalina.core.ApplicationContext.log ContextListener: attributeAdded('StockTicker', 'async.Stockticker@1ee5632d')
08-Dec-2025 15:42:37.106 INFO [main] org.apache.catalina.core.ApplicationContext.log SessionListener: contextDestroyed()
08-Dec-2025 15:42:37.106 INFO [main] org.apache.catalina.core.ApplicationContext.log ContextListener: contextDestroyed()
08-Dec-2025 15:42:39.657 INFO [main] org.apache.catalina.core.ApplicationContext.log ContextListener: contextInitialized()
08-Dec-2025 15:42:39.657 INFO [main] org.apache.catalina.core.ApplicationContext.log SessionListener: contextInitialized()
08-Dec-2025 15:42:39.658 INFO [main] org.apache.catalina.core.ApplicationContext.log ContextListener: attributeAdded('StockTicker', 'async.Stockticker@52a7928a')
08-Dec-2025 15:44:52.409 INFO [main] org.apache.catalina.core.ApplicationContext.log SessionListener: contextDestroyed()
08-Dec-2025 15:44:52.409 INFO [main] org.apache.catalina.core.ApplicationContext.log ContextListener: contextDestroyed()
08-Dec-2025 15:44:55.041 INFO [main] org.apache.catalina.core.ApplicationContext.log ContextListener: contextInitialized()
08-Dec-2025 15:44:55.041 INFO [main] org.apache.catalina.core.ApplicationContext.log SessionListener: contextInitialized()
08-Dec-2025 15:44:55.042 INFO [main] org.apache.catalina.core.ApplicationContext.log ContextListener: attributeAdded('StockTicker', 'async.Stockticker@52a7928a')
08-Dec-2025 15:45:42.796 INFO [main] org.apache.catalina.core.ApplicationContext.log SessionListener: contextDestroyed()
08-Dec-2025 15:45:42.796 INFO [main] org.apache.catalina.core.ApplicationContext.log ContextListener: contextDestroyed()
08-Dec-2025 15:45:45.456 INFO [main] org.apache.catalina.core.ApplicationContext.log ContextListener: contextInitialized()
08-Dec-2025 15:45:45.456 INFO [main] org.apache.catalina.core.ApplicationContext.log SessionListener: contextInitialized()
08-Dec-2025 15:45:45.457 INFO [main] org.apache.catalina.core.ApplicationContext.log ContextListener: attributeAdded('StockTicker', 'async.Stockticker@52a7928a')
08-Dec-2025 15:57:42.393 INFO [main] org.apache.catalina.core.ApplicationContext.log SessionListener: contextDestroyed()
08-Dec-2025 15:57:42.393 INFO [main] org.apache.catalina.core.ApplicationContext.log ContextListener: contextDestroyed()
08-Dec-2025 15:57:45.460 INFO [main] org.apache.catalina.core.ApplicationContext.log ContextListener: contextInitialized()
08-Dec-2025 15:57:45.461 INFO [main] org.apache.catalina.core.ApplicationContext.log SessionListener: contextInitialized()
08-Dec-2025 15:57:45.462 INFO [main] org.apache.catalina.core.ApplicationContext.log ContextListener: attributeAdded('StockTicker', 'async.Stockticker@478fb7dc')
08-Dec-2025 16:00:13.080 INFO [main] org.apache.catalina.core.ApplicationContext.log SessionListener: contextDestroyed()
08-Dec-2025 16:00:13.080 INFO [main] org.apache.catalina.core.ApplicationContext.log ContextListener: contextDestroyed()
08-Dec-2025 16:00:16.075 INFO [main] org.apache.catalina.core.ApplicationContext.log ContextListener: contextInitialized()
08-Dec-2025 16:00:16.075 INFO [main] org.apache.catalina.core.ApplicationContext.log SessionListener: contextInitialized()
08-Dec-2025 16:00:16.076 INFO [main] org.apache.catalina.core.ApplicationContext.log ContextListener: attributeAdded('StockTicker', 'async.Stockticker@1ee5632d')
08-Dec-2025 16:05:23.952 INFO [main] org.apache.catalina.core.ApplicationContext.log SessionListener: contextDestroyed()
08-Dec-2025 16:05:23.952 INFO [main] org.apache.catalina.core.ApplicationContext.log ContextListener: contextDestroyed()
08-Dec-2025 16:05:26.384 INFO [main] org.apache.catalina.core.ApplicationContext.log ContextListener: contextInitialized()
08-Dec-2025 16:05:26.384 INFO [main] org.apache.catalina.core.ApplicationContext.log SessionListener: contextInitialized()
08-Dec-2025 16:05:26.385 INFO [main] org.apache.catalina.core.ApplicationContext.log ContextListener: attributeAdded('StockTicker', 'async.Stockticker@1ee5632d')
08-Dec-2025 16:05:52.654 INFO [main] org.apache.catalina.core.ApplicationContext.log ContextListener: contextInitialized()
08-Dec-2025 16:05:52.654 INFO [main] org.apache.catalina.core.ApplicationContext.log SessionListener: contextInitialized()
08-Dec-2025 16:05:52.658 INFO [main] org.apache.catalina.core.ApplicationContext.log ContextListener: attributeAdded('StockTicker', 'async.Stockticker@8e99809')
08-Dec-2025 16:05:52.673 INFO [main] org.apache.catalina.core.ApplicationContext.log SessionListener: contextDestroyed()
08-Dec-2025 16:05:52.674 INFO [main] org.apache.catalina.core.ApplicationContext.log ContextListener: contextDestroyed()
08-Dec-2025 16:05:57.339 INFO [main] org.apache.catalina.core.ApplicationContext.log SessionListener: contextDestroyed()
08-Dec-2025 16:05:57.339 INFO [main] org.apache.catalina.core.ApplicationContext.log ContextListener: contextDestroyed()
08-Dec-2025 16:05:59.956 INFO [main] org.apache.catalina.core.ApplicationContext.log ContextListener: contextInitialized()
08-Dec-2025 16:05:59.956 INFO [main] org.apache.catalina.core.ApplicationContext.log SessionListener: contextInitialized()
08-Dec-2025 16:05:59.957 INFO [main] org.apache.catalina.core.ApplicationContext.log ContextListener: attributeAdded('StockTicker', 'async.Stockticker@563ccd31')
08-Dec-2025 16:07:10.431 INFO [main] org.apache.catalina.core.ApplicationContext.log SessionListener: contextDestroyed()
08-Dec-2025 16:07:10.431 INFO [main] org.apache.catalina.core.ApplicationContext.log ContextListener: contextDestroyed()
08-Dec-2025 16:07:13.085 INFO [main] org.apache.catalina.core.ApplicationContext.log ContextListener: contextInitialized()
08-Dec-2025 16:07:13.085 INFO [main] org.apache.catalina.core.ApplicationContext.log SessionListener: contextInitialized()
08-Dec-2025 16:07:13.086 INFO [main] org.apache.catalina.core.ApplicationContext.log ContextListener: attributeAdded('StockTicker', 'async.Stockticker@1ee5632d')
