05-Feb-2026 16:26:27.394 INFO [main] org.apache.catalina.core.ApplicationContext.log ContextListener: contextInitialized()
05-Feb-2026 16:26:27.395 INFO [main] org.apache.catalina.core.ApplicationContext.log SessionListener: contextInitialized()
05-Feb-2026 16:26:27.396 INFO [main] org.apache.catalina.core.ApplicationContext.log ContextListener: attributeAdded('StockTicker', 'async.Stockticker@50cac642')
05-Feb-2026 16:26:50.826 INFO [Thread-1] org.apache.catalina.core.ApplicationContext.log SessionListener: contextDestroyed()
05-Feb-2026 16:26:50.826 INFO [Thread-1] org.apache.catalina.core.ApplicationContext.log ContextListener: contextDestroyed()
05-Feb-2026 16:26:55.252 INFO [main] org.apache.catalina.core.ApplicationContext.log ContextListener: contextInitialized()
05-Feb-2026 16:26:55.252 INFO [main] org.apache.catalina.core.ApplicationContext.log SessionListener: contextInitialized()
05-Feb-2026 16:26:55.253 INFO [main] org.apache.catalina.core.ApplicationContext.log ContextListener: attributeAdded('StockTicker', 'async.Stockticker@1bbc046c')
05-Feb-2026 16:40:42.868 SEVERE [http-nio-8080-exec-1] org.apache.catalina.core.StandardWrapperValve.invoke Servlet.service() for servlet [RESTCallByJavaServlet] in context with path [/tpRest] threw exception [Servlet execution threw an exception] with root cause
	java.lang.Error: Unresolved compilation problem: 
	The method readValue(JsonParser, Class<T>) in the type ObjectMapper is not applicable for the arguments (HttpResponse<String>, Class<Nasa>)

		at RESTCallByJavaServlet.service(RESTCallByJavaServlet.java:29)
		at jakarta.servlet.http.HttpServlet.service(HttpServlet.java:710)
		at org.apache.catalina.core.ApplicationFilterChain.doFilter(ApplicationFilterChain.java:128)
		at org.apache.tomcat.websocket.server.WsFilter.doFilter(WsFilter.java:53)
		at org.apache.catalina.core.ApplicationFilterChain.doFilter(ApplicationFilterChain.java:107)
		at org.apache.catalina.core.StandardWrapperValve.invoke(StandardWrapperValve.java:165)
		at org.apache.catalina.core.StandardContextValve.invoke(StandardContextValve.java:77)
		at org.apache.catalina.authenticator.AuthenticatorBase.invoke(AuthenticatorBase.java:482)
		at org.apache.catalina.core.StandardHostValve.invoke(StandardHostValve.java:113)
		at org.apache.catalina.valves.ErrorReportValve.invoke(ErrorReportValve.java:83)
		at org.apache.catalina.valves.AbstractAccessLogValve.invoke(AbstractAccessLogValve.java:654)
		at org.apache.catalina.core.StandardEngineValve.invoke(StandardEngineValve.java:72)
		at org.apache.catalina.connector.CoyoteAdapter.service(CoyoteAdapter.java:341)
		at org.apache.coyote.http11.Http11Processor.service(Http11Processor.java:397)
		at org.apache.coyote.AbstractProcessorLight.process(AbstractProcessorLight.java:63)
		at org.apache.coyote.AbstractProtocol$ConnectionHandler.process(AbstractProtocol.java:903)
		at org.apache.tomcat.util.net.NioEndpoint$SocketProcessor.doRun(NioEndpoint.java:1778)
		at org.apache.tomcat.util.net.SocketProcessorBase.run(SocketProcessorBase.java:52)
		at org.apache.tomcat.util.threads.ThreadPoolExecutor.runWorker(ThreadPoolExecutor.java:946)
		at org.apache.tomcat.util.threads.ThreadPoolExecutor$Worker.run(ThreadPoolExecutor.java:480)
		at org.apache.tomcat.util.threads.TaskThread$WrappingRunnable.run(TaskThread.java:57)
		at java.base/java.lang.Thread.run(Thread.java:840)
05-Feb-2026 16:45:48.544 INFO [Thread-1] org.apache.catalina.core.ApplicationContext.log SessionListener: contextDestroyed()
05-Feb-2026 16:45:48.544 INFO [Thread-1] org.apache.catalina.core.ApplicationContext.log ContextListener: contextDestroyed()
05-Feb-2026 16:46:26.215 INFO [main] org.apache.catalina.core.ApplicationContext.log ContextListener: contextInitialized()
05-Feb-2026 16:46:26.215 INFO [main] org.apache.catalina.core.ApplicationContext.log SessionListener: contextInitialized()
05-Feb-2026 16:46:26.216 INFO [main] org.apache.catalina.core.ApplicationContext.log ContextListener: attributeAdded('StockTicker', 'async.Stockticker@1bbc046c')
05-Feb-2026 16:47:33.976 INFO [Thread-1] org.apache.catalina.core.ApplicationContext.log SessionListener: contextDestroyed()
05-Feb-2026 16:47:33.976 INFO [Thread-1] org.apache.catalina.core.ApplicationContext.log ContextListener: contextDestroyed()
